<?xml version="1.0" encoding="UTF-8"?>
<!-- Generated by org.testng.reporters.JUnitReportReporter -->
<testsuite hostname="kattz-HP-Pavilion-g6-Notebook-PC" name="com.power.mock.AdderFactoryUnitTest" tests="1" failures="0" timestamp="30 Dec 2013 18:07:17 GMT" time="0.091" errors="0">
  <testcase name="testgetFourAdder" time="0.091" classname="com.power.mock.AdderFactoryUnitTest"/>
</testsuite> <!-- com.power.mock.AdderFactoryUnitTest -->
